\BOOKMARK [1][-]{section.1}{\376\377\000D\000e\000s\000c\000r\000i\000\347\000\343\000o\000\040\000d\000o\000\040\000P\000r\000o\000b\000l\000e\000m\000a}{}% 1
\BOOKMARK [2][-]{subsection.1.1}{\376\377\000E\000s\000t\000r\000u\000t\000u\000r\000a\000\040\000d\000o\000\040\000P\000r\000o\000j\000e\000t\000o}{section.1}% 2
\BOOKMARK [1][-]{section.2}{\376\377\000R\000e\000g\000r\000a\000s\000\040\000d\000e\000\040\000N\000e\000g\000\363\000c\000i\000o}{}% 3
\BOOKMARK [1][-]{section.3}{\376\377\000D\000i\000a\000g\000r\000a\000m\000a\000\040\000d\000e\000\040\000C\000l\000a\000s\000s\000e\000s}{}% 4
\BOOKMARK [2][-]{subsection.3.1}{\376\377\000C\000l\000a\000s\000s\000e\000s\000\040\000d\000o\000\040\000S\000i\000s\000t\000e\000m\000a}{section.3}% 5
\BOOKMARK [3][-]{subsubsection.3.1.1}{\376\377\000T\000i\000p\000o\000D\000e\000P\000e\000\347\000a}{subsection.3.1}% 6
\BOOKMARK [3][-]{subsubsection.3.1.2}{\376\377\000P\000e\000\347\000a}{subsection.3.1}% 7
\BOOKMARK [3][-]{subsubsection.3.1.3}{\376\377\000E\000s\000t\000o\000q\000u\000e}{subsection.3.1}% 8
\BOOKMARK [3][-]{subsubsection.3.1.4}{\376\377\000V\000e\000\355\000c\000u\000l\000o}{subsection.3.1}% 9
\BOOKMARK [3][-]{subsubsection.3.1.5}{\376\377\000S\000e\000r\000v\000i\000\347\000o}{subsection.3.1}% 10
\BOOKMARK [3][-]{subsubsection.3.1.6}{\376\377\000P\000e\000s\000s\000o\000a}{subsection.3.1}% 11
\BOOKMARK [3][-]{subsubsection.3.1.7}{\376\377\000C\000l\000i\000e\000n\000t\000e}{subsection.3.1}% 12
\BOOKMARK [3][-]{subsubsection.3.1.8}{\376\377\000F\000u\000n\000c\000i\000o\000n\000\341\000r\000i\000o}{subsection.3.1}% 13
\BOOKMARK [2][-]{subsection.3.2}{\376\377\000C\000l\000a\000s\000s\000e\000s\000\040\000A\000u\000x\000i\000l\000i\000a\000r\000e\000s}{section.3}% 14
\BOOKMARK [3][-]{subsubsection.3.2.1}{\376\377\000S\000e\000s\000s\000\343\000o\000\040\000d\000e\000\040\000U\000s\000u\000\341\000r\000i\000o}{subsection.3.2}% 15
\BOOKMARK [3][-]{subsubsection.3.2.2}{\376\377\000i\000d\000G\000e\000n\000e\000r\000a\000t\000o\000r}{subsection.3.2}% 16
\BOOKMARK [3][-]{subsubsection.3.2.3}{\376\377\000O\000b\000j\000e\000t\000o\000s}{subsection.3.2}% 17
\BOOKMARK [1][-]{section.4}{\376\377\000T\000e\000l\000a\000s}{}% 18
\BOOKMARK [2][-]{subsection.4.1}{\376\377\000T\000e\000l\000a\000s\000\040\000d\000e\000\040\000I\000n\000\355\000c\000i\000o}{section.4}% 19
\BOOKMARK [2][-]{subsection.4.2}{\376\377\000T\000e\000l\000a\000s\000\040\000d\000e\000\040\000C\000a\000d\000a\000s\000t\000r\000o\000\040\000e\000\040\000C\000r\000i\000a\000\347\000\343\000o}{section.4}% 20
\BOOKMARK [2][-]{subsection.4.3}{\376\377\000T\000e\000l\000a\000s\000\040\000d\000e\000\040\000G\000e\000r\000e\000n\000c\000i\000a\000m\000e\000n\000t\000o}{section.4}% 21
